2019-08-03 23:37:07,967 CRIT Supervisor is running as root.  Privileges were not dropped because no user is specified in the config file.  If you intend to run as root, you can set user=root in the config file to avoid this message.
2019-08-03 23:37:07,973 INFO supervisord started with pid 1
2019-08-03 23:37:08,977 INFO spawned: 'nginx' with pid 7
2019-08-03 23:37:08,984 INFO spawned: 'uwsgi' with pid 8
2019-08-03 23:37:10,092 INFO success: nginx entered RUNNING state, process has stayed up for > than 1 seconds (startsecs)
2019-08-03 23:37:10,092 INFO success: uwsgi entered RUNNING state, process has stayed up for > than 1 seconds (startsecs)
2019-08-03 23:59:39,957 WARN received SIGTERM indicating exit request
2019-08-03 23:59:39,957 INFO waiting for nginx, uwsgi to die
2019-08-03 23:59:40,964 INFO stopped: uwsgi (exit status 0)
2019-08-03 23:59:41,054 INFO stopped: nginx (exit status 0)
2019-08-04 00:09:20,657 CRIT Supervisor is running as root.  Privileges were not dropped because no user is specified in the config file.  If you intend to run as root, you can set user=root in the config file to avoid this message.
2019-08-04 00:09:20,665 INFO supervisord started with pid 1
2019-08-04 00:09:21,671 INFO spawned: 'nginx' with pid 7
2019-08-04 00:09:21,677 INFO spawned: 'uwsgi' with pid 8
2019-08-04 00:09:22,740 INFO success: nginx entered RUNNING state, process has stayed up for > than 1 seconds (startsecs)
2019-08-04 00:09:22,742 INFO success: uwsgi entered RUNNING state, process has stayed up for > than 1 seconds (startsecs)
2019-08-04 00:16:48,352 WARN received SIGTERM indicating exit request
2019-08-04 00:16:48,353 INFO waiting for nginx, uwsgi to die
2019-08-04 00:16:49,356 INFO stopped: uwsgi (exit status 0)
2019-08-04 00:16:49,433 INFO stopped: nginx (exit status 0)
2019-08-04 00:41:46,028 CRIT Supervisor is running as root.  Privileges were not dropped because no user is specified in the config file.  If you intend to run as root, you can set user=root in the config file to avoid this message.
2019-08-04 00:41:46,034 INFO supervisord started with pid 1
2019-08-04 00:41:47,038 INFO spawned: 'nginx' with pid 7
2019-08-04 00:41:47,043 INFO spawned: 'uwsgi' with pid 8
2019-08-04 00:41:48,301 INFO success: nginx entered RUNNING state, process has stayed up for > than 1 seconds (startsecs)
2019-08-04 00:41:48,302 INFO success: uwsgi entered RUNNING state, process has stayed up for > than 1 seconds (startsecs)
2019-08-04 00:57:10,141 WARN received SIGTERM indicating exit request
2019-08-04 00:57:10,141 INFO waiting for nginx, uwsgi to die
2019-08-04 00:57:11,151 INFO stopped: uwsgi (exit status 0)
2019-08-04 00:57:11,242 INFO stopped: nginx (exit status 0)
2019-08-04 03:46:55,123 CRIT Supervisor is running as root.  Privileges were not dropped because no user is specified in the config file.  If you intend to run as root, you can set user=root in the config file to avoid this message.
2019-08-04 03:46:55,129 INFO supervisord started with pid 1
2019-08-04 03:46:56,133 INFO spawned: 'nginx' with pid 7
2019-08-04 03:46:56,138 INFO spawned: 'uwsgi' with pid 8
2019-08-04 03:46:57,442 INFO success: nginx entered RUNNING state, process has stayed up for > than 1 seconds (startsecs)
2019-08-04 03:46:57,443 INFO success: uwsgi entered RUNNING state, process has stayed up for > than 1 seconds (startsecs)
2019-08-04 03:47:25,254 WARN received SIGTERM indicating exit request
2019-08-04 03:47:25,255 INFO waiting for nginx, uwsgi to die
2019-08-04 03:47:26,264 INFO stopped: uwsgi (exit status 0)
2019-08-04 03:47:26,382 INFO stopped: nginx (exit status 0)
